<?xml version="1.0" encoding="UTF-8"?>
<!-- Generated by org.testng.reporters.JUnitReportReporter -->
<testsuite hostname="DESKTOP-DJQBPR7" failures="0" tests="2" name="Runner.TestRunner" time="4.377" errors="0" timestamp="2021-10-10T15:20:48 HKT" skipped="0">
  <testcase classname="Runner.TestRunner" name="runScenario" time="3.535"/>
  <system-out/>
  <testcase classname="Runner.TestRunner" name="runScenario" time="0.842"/>
  <system-out/>
</testsuite> <!-- Runner.TestRunner -->
