<?xml version="1.0" encoding="UTF-8"?>
<!-- Generated by org.testng.reporters.JUnitReportReporter -->
<testsuite skipped="0" hostname="Rahul-Sinha.local" name="Runner.TestRunner" tests="2" failures="1" timestamp="2021-10-09T19:19:17 HKT" time="2.644" errors="0">
  <testcase name="runScenario" time="2.027" classname="Runner.TestRunner"/>
  <system-out/>
  <testcase name="runScenario" time="0.617" classname="Runner.TestRunner">
    <failure type="java.lang.AssertionError" message="expected [200] but found [500]">
      <![CDATA[java.lang.AssertionError: expected [200] but found [500]
at org.testng.Assert.fail(Assert.java:99)
at org.testng.Assert.failNotEquals(Assert.java:1037)
at org.testng.Assert.assertEqualsImpl(Assert.java:140)
at org.testng.Assert.assertEquals(Assert.java:122)
at org.testng.Assert.assertEquals(Assert.java:907)
at org.testng.Assert.assertEquals(Assert.java:917)
at StepDefinition.LoginAPIStep.statusCodeShouldBe(LoginAPIStep.java:78)
at âœ½.status code should be 200(file:///Users/cncbiuser/Documents/API_Automation_TestNg/GIT_Repo_New/API_Test/src/test/resources/features/LoginAPI.feature:25)
]]>
    </failure>
  </testcase> <!-- runScenario -->
  <system-out/>
</testsuite> <!-- Runner.TestRunner -->
