<?xml version="1.0" encoding="UTF-8"?>
<!-- Generated by org.testng.reporters.JUnitReportReporter -->
<testsuite hostname="DESKTOP-DJQBPR7" failures="2" tests="3" name="Runner.TestRunner" time="4.775" errors="0" timestamp="2021-10-09T13:24:56 HKT" skipped="0">
  <testcase classname="Runner.TestRunner" name="runScenario" time="3.586"/>
  <system-out/>
  <testcase classname="Runner.TestRunner" name="runScenario" time="0.925">
    <failure message="expected:&lt;200&gt; but was:&lt;500&gt;" type="java.lang.AssertionError">
      <![CDATA[java.lang.AssertionError: expected:<200> but was:<500>
at org.junit.Assert.fail(Assert.java:88)
at org.junit.Assert.failNotEquals(Assert.java:743)
at org.junit.Assert.assertEquals(Assert.java:118)
at org.junit.Assert.assertEquals(Assert.java:555)
at org.junit.Assert.assertEquals(Assert.java:542)
at StepDefinition.LoginAPIStep.statusCodeShouldBe(LoginAPIStep.java:81)
at ✽.status code should be 200(file:///F:/Project/API_Test/resources/features/LoginAPI.feature:25)
]]>
    </failure>
  </testcase> <!-- runScenario -->
  <system-out/>
  <testcase classname="Runner.TestRunner" name="runScenario" time="0.264">
    <failure message="expected:&lt;200&gt; but was:&lt;500&gt;" type="java.lang.AssertionError">
      <![CDATA[java.lang.AssertionError: expected:<200> but was:<500>
at org.junit.Assert.fail(Assert.java:88)
at org.junit.Assert.failNotEquals(Assert.java:743)
at org.junit.Assert.assertEquals(Assert.java:118)
at org.junit.Assert.assertEquals(Assert.java:555)
at org.junit.Assert.assertEquals(Assert.java:542)
at StepDefinition.LoginAPIStep.iGetTheResponseCodeAs(LoginAPIStep.java:162)
at ✽.I get the response code as 200(file:///F:/Project/API_Test/resources/features/LoginAPI.feature:41)
]]>
    </failure>
  </testcase> <!-- runScenario -->
  <system-out/>
</testsuite> <!-- Runner.TestRunner -->
